<?xml version="1.0" encoding="UTF-8"?>
<testng-results skipped="0" failed="0" ignored="0" total="3" passed="3">
  <reporter-output>
  </reporter-output>
  <suite name="Default suite" duration-ms="33" started-at="2022-05-13T19:08:19 IST" finished-at="2022-05-13T19:08:20 IST">
    <groups>
    </groups>
    <test name="Default test" duration-ms="33" started-at="2022-05-13T19:08:19 IST" finished-at="2022-05-13T19:08:20 IST">
      <class name="Assignment_1.NewTest_1">
        <test-method status="PASS" signature="beforeSuite()[pri:0, instance:Assignment_1.NewTest_1@3b94d659]" name="beforeSuite" is-config="true" duration-ms="10" started-at="2022-05-13T19:08:19 IST" finished-at="2022-05-13T19:08:19 IST">
          <reporter-output>
          </reporter-output>
        </test-method> <!-- beforeSuite -->
        <test-method status="PASS" signature="beforeTest()[pri:0, instance:Assignment_1.NewTest_1@3b94d659]" name="beforeTest" is-config="true" duration-ms="0" started-at="2022-05-13T19:08:19 IST" finished-at="2022-05-13T19:08:19 IST">
          <reporter-output>
          </reporter-output>
        </test-method> <!-- beforeTest -->
        <test-method status="PASS" signature="beforeClass()[pri:0, instance:Assignment_1.NewTest_1@3b94d659]" name="beforeClass" is-config="true" duration-ms="1" started-at="2022-05-13T19:08:19 IST" finished-at="2022-05-13T19:08:19 IST">
          <reporter-output>
          </reporter-output>
        </test-method> <!-- beforeClass -->
        <test-method status="PASS" signature="beforeMethod()[pri:0, instance:Assignment_1.NewTest_1@3b94d659]" name="beforeMethod" is-config="true" duration-ms="0" started-at="2022-05-13T19:08:20 IST" finished-at="2022-05-13T19:08:20 IST">
          <reporter-output>
          </reporter-output>
        </test-method> <!-- beforeMethod -->
        <test-method status="PASS" signature="f3()[pri:0, instance:Assignment_1.NewTest_1@3b94d659]" name="f3" duration-ms="4" started-at="2022-05-13T19:08:20 IST" finished-at="2022-05-13T19:08:20 IST">
          <reporter-output>
          </reporter-output>
        </test-method> <!-- f3 -->
        <test-method status="PASS" signature="afterMethod()[pri:0, instance:Assignment_1.NewTest_1@3b94d659]" name="afterMethod" is-config="true" duration-ms="1" started-at="2022-05-13T19:08:20 IST" finished-at="2022-05-13T19:08:20 IST">
          <reporter-output>
          </reporter-output>
        </test-method> <!-- afterMethod -->
        <test-method status="PASS" signature="beforeMethod()[pri:0, instance:Assignment_1.NewTest_1@3b94d659]" name="beforeMethod" is-config="true" duration-ms="0" started-at="2022-05-13T19:08:20 IST" finished-at="2022-05-13T19:08:20 IST">
          <reporter-output>
          </reporter-output>
        </test-method> <!-- beforeMethod -->
        <test-method status="PASS" signature="f1()[pri:1, instance:Assignment_1.NewTest_1@3b94d659]" name="f1" duration-ms="1" started-at="2022-05-13T19:08:20 IST" finished-at="2022-05-13T19:08:20 IST">
          <reporter-output>
          </reporter-output>
        </test-method> <!-- f1 -->
        <test-method status="PASS" signature="afterMethod()[pri:0, instance:Assignment_1.NewTest_1@3b94d659]" name="afterMethod" is-config="true" duration-ms="0" started-at="2022-05-13T19:08:20 IST" finished-at="2022-05-13T19:08:20 IST">
          <reporter-output>
          </reporter-output>
        </test-method> <!-- afterMethod -->
        <test-method status="PASS" signature="beforeMethod()[pri:0, instance:Assignment_1.NewTest_1@3b94d659]" name="beforeMethod" is-config="true" duration-ms="0" started-at="2022-05-13T19:08:20 IST" finished-at="2022-05-13T19:08:20 IST">
          <reporter-output>
          </reporter-output>
        </test-method> <!-- beforeMethod -->
        <test-method status="PASS" signature="f()[pri:2, instance:Assignment_1.NewTest_1@3b94d659]" name="f" duration-ms="1" started-at="2022-05-13T19:08:20 IST" finished-at="2022-05-13T19:08:20 IST">
          <reporter-output>
          </reporter-output>
        </test-method> <!-- f -->
        <test-method status="PASS" signature="afterMethod()[pri:0, instance:Assignment_1.NewTest_1@3b94d659]" name="afterMethod" is-config="true" duration-ms="1" started-at="2022-05-13T19:08:20 IST" finished-at="2022-05-13T19:08:20 IST">
          <reporter-output>
          </reporter-output>
        </test-method> <!-- afterMethod -->
        <test-method status="PASS" signature="afterClass()[pri:0, instance:Assignment_1.NewTest_1@3b94d659]" name="afterClass" is-config="true" duration-ms="1" started-at="2022-05-13T19:08:20 IST" finished-at="2022-05-13T19:08:20 IST">
          <reporter-output>
          </reporter-output>
        </test-method> <!-- afterClass -->
        <test-method status="PASS" signature="afterTest()[pri:0, instance:Assignment_1.NewTest_1@3b94d659]" name="afterTest" is-config="true" duration-ms="0" started-at="2022-05-13T19:08:20 IST" finished-at="2022-05-13T19:08:20 IST">
          <reporter-output>
          </reporter-output>
        </test-method> <!-- afterTest -->
        <test-method status="PASS" signature="afterSuite()[pri:0, instance:Assignment_1.NewTest_1@3b94d659]" name="afterSuite" is-config="true" duration-ms="0" started-at="2022-05-13T19:08:20 IST" finished-at="2022-05-13T19:08:20 IST">
          <reporter-output>
          </reporter-output>
        </test-method> <!-- afterSuite -->
      </class> <!-- Assignment_1.NewTest_1 -->
    </test> <!-- Default test -->
  </suite> <!-- Default suite -->
</testng-results>
