<?xml version="1.0" encoding="UTF-8"?>
<!-- Generated by org.testng.reporters.JUnitXMLReporter -->
<testsuite hostname="LAPTOP-V8B65SR9" ignored="0" name="Test2" tests="5" failures="0" timestamp="2020-06-01T15:59:37 IST" time="28.113" errors="0">
  <testcase name="verifyPageIsLoaded" time="14.14" classname="Assignmnet_3.Testng_cls_2"/>
  <testcase name="verifyDropdownItem" time="0.729" classname="Assignmnet_3.Testng_cls_2"/>
  <testcase name="verifyNewWindowTitle" time="3.921" classname="Assignmnet_3.Testng_cls_2"/>
  <testcase name="verifyWindowMsg" time="2.662" classname="Assignmnet_3.Testng_cls_2"/>
  <testcase name="verifyHLpageIsLoaded" time="0.787" classname="Assignmnet_3.Testng_cls_2"/>
</testsuite> <!-- Test2 -->
