<?xml version="1.0" encoding="UTF-8"?>
<!-- Generated by org.testng.reporters.JUnitXMLReporter -->
<testsuite hostname="LAPTOP-V8B65SR9" ignored="0" name="Default test" tests="3" failures="0" timestamp="2022-05-13T19:08:20 IST" time="0.033" errors="0">
  <testcase name="f3" time="0.004" classname="Assignment_1.NewTest_1"/>
  <testcase name="f1" time="0.001" classname="Assignment_1.NewTest_1"/>
  <testcase name="f" time="0.001" classname="Assignment_1.NewTest_1"/>
</testsuite> <!-- Default test -->
