<?xml version="1.0" encoding="UTF-8"?>
<testng-results skipped="0" failed="0" ignored="0" total="0" passed="0">
  <reporter-output>
  </reporter-output>
  <suite name="test.TestExamples" duration-ms="9" started-at="2021-12-21T23:57:55 IST" finished-at="2021-12-21T23:57:55 IST">
    <groups>
    </groups>
    <test name="Command line test" duration-ms="9" started-at="2021-12-21T23:57:55 IST" finished-at="2021-12-21T23:57:55 IST">
    </test> <!-- Command line test -->
  </suite> <!-- test.TestExamples -->
</testng-results>
