<?xml version="1.0" encoding="UTF-8"?>
<testng-results skipped="0" failed="0" ignored="0" total="1" passed="1">
  <reporter-output>
  </reporter-output>
  <suite name="Default suite" duration-ms="1974" started-at="2021-12-22T22:55:13 IST" finished-at="2021-12-22T22:55:15 IST">
    <groups>
    </groups>
    <test name="Default test" duration-ms="1974" started-at="2021-12-22T22:55:13 IST" finished-at="2021-12-22T22:55:15 IST">
      <class name="com.API.RestAssured.Test01_POST">
        <test-method status="PASS" signature="test_2_PUT()[pri:0, instance:com.API.RestAssured.Test01_POST@6c49835d]" name="test_2_PUT" duration-ms="1943" started-at="2021-12-22T22:55:13 IST" finished-at="2021-12-22T22:55:15 IST">
          <reporter-output>
          </reporter-output>
        </test-method> <!-- test_2_PUT -->
      </class> <!-- com.API.RestAssured.Test01_POST -->
    </test> <!-- Default test -->
  </suite> <!-- Default suite -->
</testng-results>
