<?xml version="1.0" encoding="UTF-8"?>
<testng-results skipped="0" failed="0" ignored="0" total="1" passed="1">
  <reporter-output>
  </reporter-output>
  <suite name="Default suite" duration-ms="1951" started-at="2021-12-23T00:46:21 IST" finished-at="2021-12-23T00:46:23 IST">
    <groups>
    </groups>
    <test name="Default test" duration-ms="1951" started-at="2021-12-23T00:46:21 IST" finished-at="2021-12-23T00:46:23 IST">
      <class name="test.jsonSchemaValidator">
        <test-method status="PASS" signature="testGET()[pri:0, instance:test.jsonSchemaValidator@4e7dc304]" name="testGET" duration-ms="1905" started-at="2021-12-23T00:46:21 IST" finished-at="2021-12-23T00:46:23 IST">
          <reporter-output>
          </reporter-output>
        </test-method> <!-- testGET -->
      </class> <!-- test.jsonSchemaValidator -->
    </test> <!-- Default test -->
  </suite> <!-- Default suite -->
</testng-results>
